<?xml version="1.0" encoding="UTF-8"?>
<!-- Generated by org.testng.reporters.JUnitReportReporter -->
<testsuite hostname="EC2AMAZ-S11DBRH" failures="0" tests="1" name="testScripts.GooglePageTest" time="6.082" errors="0" timestamp="2023-07-18T04:45:45 GMT" skipped="0">
  <testcase classname="testScripts.GooglePageTest" name="javaSeacrchTest" time="6.082"/>
  <system-out/>
</testsuite> <!-- testScripts.GooglePageTest -->
